<?xml version="1.0" encoding="UTF-8"?>
<testsuite name="CodeSharingPlatformTest" tests="1" skipped="0" failures="0" errors="0" timestamp="2021-04-14T05:41:42" hostname="DIMA" time="28.258">
  <properties/>
  <testcase name="start" classname="CodeSharingPlatformTest" time="28.258"/>
  <system-out><![CDATA[?[1;31m
Start test 1?[0m

  .   ____          _            __ _ _
 /\\ / ___'_ __ _ _(_)_ __  __ _ \ \ \ \
( ( )\___ | '_ | '_| | '_ \/ _` | \ \ \ \
 \\/  ___)| |_)| | | | | || (_| |  ) ) ) )
  '  |____| .__|_| |_|_| |_\__, | / / / /
 =========|_|==============|___/=/_/_/_/
 :: Spring Boot ::        (v2.3.3.RELEASE)

2021-04-14 08:41:45.183  INFO 27404 --- [    Test worker] platform.CodeSharingPlatform             : Starting CodeSharingPlatform on Dima with PID 27404 (started by tisch in C:\Users\tisch\IdeaProjects\Code Sharing Platform\Code Sharing Platform\task)
2021-04-14 08:41:45.197  INFO 27404 --- [    Test worker] platform.CodeSharingPlatform             : No active profile set, falling back to default profiles: default
2021-04-14 08:41:48.087  INFO 27404 --- [    Test worker] .s.d.r.c.RepositoryConfigurationDelegate : Bootstrapping Spring Data JPA repositories in DEFERRED mode.
2021-04-14 08:41:48.195  INFO 27404 --- [    Test worker] .s.d.r.c.RepositoryConfigurationDelegate : Finished Spring Data repository scanning in 89ms. Found 1 JPA repository interfaces.
2021-04-14 08:41:49.351  INFO 27404 --- [    Test worker] o.s.b.w.embedded.tomcat.TomcatWebServer  : Tomcat initialized with port(s): 8889 (http)
2021-04-14 08:41:49.381  INFO 27404 --- [    Test worker] o.apache.catalina.core.StandardService   : Starting service [Tomcat]
2021-04-14 08:41:49.382  INFO 27404 --- [    Test worker] org.apache.catalina.core.StandardEngine  : Starting Servlet engine: [Apache Tomcat/9.0.37]
2021-04-14 08:41:49.664  INFO 27404 --- [    Test worker] o.a.c.c.C.[Tomcat].[localhost].[/]       : Initializing Spring embedded WebApplicationContext
2021-04-14 08:41:49.667  INFO 27404 --- [    Test worker] w.s.c.ServletWebServerApplicationContext : Root WebApplicationContext: initialization completed in 4262 ms
2021-04-14 08:41:49.945  INFO 27404 --- [    Test worker] com.zaxxer.hikari.HikariDataSource       : HikariPool-1 - Starting...
2021-04-14 08:41:50.405  INFO 27404 --- [    Test worker] com.zaxxer.hikari.HikariDataSource       : HikariPool-1 - Start completed.
2021-04-14 08:41:50.434  INFO 27404 --- [    Test worker] o.s.b.a.h2.H2ConsoleAutoConfiguration    : H2 console available at '/h2-console'. Database available at 'jdbc:h2:file:../snippets'
2021-04-14 08:41:51.031  INFO 27404 --- [    Test worker] o.s.s.concurrent.ThreadPoolTaskExecutor  : Initializing ExecutorService 'applicationTaskExecutor'
2021-04-14 08:41:51.200  INFO 27404 --- [         task-1] o.hibernate.jpa.internal.util.LogHelper  : HHH000204: Processing PersistenceUnitInfo [name: default]
2021-04-14 08:41:51.296  WARN 27404 --- [    Test worker] JpaBaseConfiguration$JpaWebConfiguration : spring.jpa.open-in-view is enabled by default. Therefore, database queries may be performed during view rendering. Explicitly configure spring.jpa.open-in-view to disable this warning
2021-04-14 08:41:51.439  INFO 27404 --- [         task-1] org.hibernate.Version                    : HHH000412: Hibernate ORM core version 5.4.20.Final
2021-04-14 08:41:52.133  INFO 27404 --- [         task-1] o.hibernate.annotations.common.Version   : HCANN000001: Hibernate Commons Annotations {5.1.0.Final}
2021-04-14 08:41:52.664  INFO 27404 --- [         task-1] org.hibernate.dialect.Dialect            : HHH000400: Using dialect: org.hibernate.dialect.H2Dialect
2021-04-14 08:41:54.720  INFO 27404 --- [         task-1] o.h.e.t.j.p.i.JtaPlatformInitiator       : HHH000490: Using JtaPlatform implementation: [org.hibernate.engine.transaction.jta.platform.internal.NoJtaPlatform]
2021-04-14 08:41:54.743  INFO 27404 --- [         task-1] j.LocalContainerEntityManagerFactoryBean : Initialized JPA EntityManagerFactory for persistence unit 'default'
2021-04-14 08:41:55.305  INFO 27404 --- [    Test worker] o.s.b.a.e.web.EndpointLinksResolver      : Exposing 14 endpoint(s) beneath base path '/actuator'
2021-04-14 08:41:55.424  INFO 27404 --- [    Test worker] o.s.b.w.embedded.tomcat.TomcatWebServer  : Tomcat started on port(s): 8889 (http) with context path ''
2021-04-14 08:41:55.427  INFO 27404 --- [    Test worker] DeferredRepositoryInitializationListener : Triggering deferred initialization of Spring Data repositories…
2021-04-14 08:41:56.359  INFO 27404 --- [    Test worker] DeferredRepositoryInitializationListener : Spring Data repositories initialized!
2021-04-14 08:41:56.384  INFO 27404 --- [    Test worker] platform.CodeSharingPlatform             : Started CodeSharingPlatform in 13.125 seconds (JVM running for 16.754)
2021-04-14 08:41:57.126  INFO 27404 --- [nio-8889-exec-1] o.a.c.c.C.[Tomcat].[localhost].[/]       : Initializing Spring DispatcherServlet 'dispatcherServlet'
2021-04-14 08:41:57.126  INFO 27404 --- [nio-8889-exec-1] o.s.web.servlet.DispatcherServlet        : Initializing Servlet 'dispatcherServlet'
2021-04-14 08:41:57.143  INFO 27404 --- [nio-8889-exec-1] o.s.web.servlet.DispatcherServlet        : Completed initialization in 17 ms
?[1;31m
Start test 2?[0m
?[1;31m
Start test 3?[0m
?[1;31m
Start test 4?[0m
?[1;31m
Start test 5?[0m
?[1;31m
Start test 6?[0m
?[1;31m
Start test 7?[0m
?[1;31m
Start test 8?[0m
?[1;31m
Start test 9?[0m
?[1;31m
Start test 10?[0m
?[1;31m
Start test 11?[0m
?[1;31m
Start test 12?[0m
?[1;31m
Start test 13?[0m
?[1;31m
Start test 14?[0m
?[1;31m
Start test 15?[0m
?[1;31m
Start test 16?[0m
?[1;31m
Start test 17?[0m
?[1;31m
Start test 18?[0m
?[1;31m
Start test 19?[0m
?[1;31m
Start test 20?[0m
?[1;31m
Start test 21?[0m
?[1;31m
Start test 22?[0m
?[1;31m
Start test 23?[0m
?[1;31m
Start test 24?[0m
?[1;31m
Start test 25?[0m
?[1;31m
Start test 26?[0m
?[1;31m
Start test 27?[0m
?[1;31m
Start test 28?[0m
?[1;31m
Start test 29?[0m
?[1;31m
Start test 30?[0m
?[1;31m
Start test 31?[0m
?[1;31m
Start test 32?[0m
?[1;31m
Start test 33?[0m
?[1;31m
Start test 34?[0m
?[1;31m
Start test 35?[0m
?[1;31m
Start test 36?[0m
?[1;31m
Start test 37?[0m
?[1;31m
Start test 38?[0m
?[1;31m
Start test 39?[0m
?[1;31m
Start test 40?[0m
?[1;31m
Start test 41?[0m
?[1;31m
Start test 42?[0m
?[1;31m
Start test 43?[0m
?[1;31m
Start test 44?[0m
?[1;31m
Start test 45?[0m
?[1;31m
Start test 46?[0m
?[1;31m
Start test 47?[0m
?[1;31m
Start test 48?[0m
?[1;31m
Start test 49?[0m
?[1;31m
Start test 50?[0m
?[1;31m
Start test 51?[0m
?[1;31m
Start test 52?[0m
?[1;31m
Start test 53?[0m
?[1;31m
Start test 54?[0m
?[1;31m
Start test 55?[0m
?[1;31m
Start test 56?[0m
2021-04-14 08:42:00.167  INFO 27404 --- [       Thread-6] j.LocalContainerEntityManagerFactoryBean : Closing JPA EntityManagerFactory for persistence unit 'default'
2021-04-14 08:42:00.170  INFO 27404 --- [       Thread-6] o.s.s.concurrent.ThreadPoolTaskExecutor  : Shutting down ExecutorService 'applicationTaskExecutor'
2021-04-14 08:42:00.172  INFO 27404 --- [       Thread-6] com.zaxxer.hikari.HikariDataSource       : HikariPool-1 - Shutdown initiated...
2021-04-14 08:42:00.237  INFO 27404 --- [       Thread-6] com.zaxxer.hikari.HikariDataSource       : HikariPool-1 - Shutdown completed.

  .   ____          _            __ _ _
 /\\ / ___'_ __ _ _(_)_ __  __ _ \ \ \ \
( ( )\___ | '_ | '_| | '_ \/ _` | \ \ \ \
 \\/  ___)| |_)| | | | | || (_| |  ) ) ) )
  '  |____| .__|_| |_|_| |_\__, | / / / /
 =========|_|==============|___/=/_/_/_/
 :: Spring Boot ::        (v2.3.3.RELEASE)

2021-04-14 08:42:00.341  INFO 27404 --- [    Test worker] platform.CodeSharingPlatform             : Starting CodeSharingPlatform on Dima with PID 27404 (started by tisch in C:\Users\tisch\IdeaProjects\Code Sharing Platform\Code Sharing Platform\task)
2021-04-14 08:42:00.342  INFO 27404 --- [    Test worker] platform.CodeSharingPlatform             : No active profile set, falling back to default profiles: default
2021-04-14 08:42:00.923  INFO 27404 --- [    Test worker] .s.d.r.c.RepositoryConfigurationDelegate : Bootstrapping Spring Data JPA repositories in DEFERRED mode.
2021-04-14 08:42:00.939  INFO 27404 --- [    Test worker] .s.d.r.c.RepositoryConfigurationDelegate : Finished Spring Data repository scanning in 15ms. Found 1 JPA repository interfaces.
2021-04-14 08:42:01.091  INFO 27404 --- [    Test worker] o.s.b.w.embedded.tomcat.TomcatWebServer  : Tomcat initialized with port(s): 8889 (http)
2021-04-14 08:42:01.092  INFO 27404 --- [    Test worker] o.apache.catalina.core.StandardService   : Starting service [Tomcat]
2021-04-14 08:42:01.093  INFO 27404 --- [    Test worker] org.apache.catalina.core.StandardEngine  : Starting Servlet engine: [Apache Tomcat/9.0.37]
2021-04-14 08:42:01.164  INFO 27404 --- [    Test worker] o.a.c.c.C.[Tomcat].[localhost].[/]       : Initializing Spring embedded WebApplicationContext
2021-04-14 08:42:01.164  INFO 27404 --- [    Test worker] w.s.c.ServletWebServerApplicationContext : Root WebApplicationContext: initialization completed in 817 ms
2021-04-14 08:42:01.254  INFO 27404 --- [    Test worker] com.zaxxer.hikari.HikariDataSource       : HikariPool-2 - Starting...
2021-04-14 08:42:01.271  INFO 27404 --- [    Test worker] com.zaxxer.hikari.HikariDataSource       : HikariPool-2 - Start completed.
2021-04-14 08:42:01.272  INFO 27404 --- [    Test worker] o.s.b.a.h2.H2ConsoleAutoConfiguration    : H2 console available at '/h2-console'. Database available at 'jdbc:h2:file:../snippets'
2021-04-14 08:42:01.335  INFO 27404 --- [    Test worker] o.s.s.concurrent.ThreadPoolTaskExecutor  : Initializing ExecutorService 'applicationTaskExecutor'
2021-04-14 08:42:01.343  INFO 27404 --- [         task-1] o.hibernate.jpa.internal.util.LogHelper  : HHH000204: Processing PersistenceUnitInfo [name: default]
2021-04-14 08:42:01.364  INFO 27404 --- [         task-1] org.hibernate.dialect.Dialect            : HHH000400: Using dialect: org.hibernate.dialect.H2Dialect
2021-04-14 08:42:01.382  WARN 27404 --- [    Test worker] JpaBaseConfiguration$JpaWebConfiguration : spring.jpa.open-in-view is enabled by default. Therefore, database queries may be performed during view rendering. Explicitly configure spring.jpa.open-in-view to disable this warning
2021-04-14 08:42:01.458  INFO 27404 --- [         task-1] o.h.e.t.j.p.i.JtaPlatformInitiator       : HHH000490: Using JtaPlatform implementation: [org.hibernate.engine.transaction.jta.platform.internal.NoJtaPlatform]
2021-04-14 08:42:01.459  INFO 27404 --- [         task-1] j.LocalContainerEntityManagerFactoryBean : Initialized JPA EntityManagerFactory for persistence unit 'default'
2021-04-14 08:42:01.734  INFO 27404 --- [    Test worker] o.s.b.a.e.web.EndpointLinksResolver      : Exposing 14 endpoint(s) beneath base path '/actuator'
2021-04-14 08:42:01.768  INFO 27404 --- [    Test worker] o.s.b.w.embedded.tomcat.TomcatWebServer  : Tomcat started on port(s): 8889 (http) with context path ''
2021-04-14 08:42:01.769  INFO 27404 --- [    Test worker] DeferredRepositoryInitializationListener : Triggering deferred initialization of Spring Data repositories…
2021-04-14 08:42:01.839  INFO 27404 --- [    Test worker] DeferredRepositoryInitializationListener : Spring Data repositories initialized!
2021-04-14 08:42:01.846  INFO 27404 --- [    Test worker] platform.CodeSharingPlatform             : Started CodeSharingPlatform in 1.574 seconds (JVM running for 22.216)
?[1;31m
Start test 57?[0m
2021-04-14 08:42:01.858  INFO 27404 --- [nio-8889-exec-1] o.a.c.c.C.[Tomcat].[localhost].[/]       : Initializing Spring DispatcherServlet 'dispatcherServlet'
2021-04-14 08:42:01.859  INFO 27404 --- [nio-8889-exec-1] o.s.web.servlet.DispatcherServlet        : Initializing Servlet 'dispatcherServlet'
2021-04-14 08:42:01.864  INFO 27404 --- [nio-8889-exec-1] o.s.web.servlet.DispatcherServlet        : Completed initialization in 5 ms
?[1;31m
Start test 58?[0m
?[1;31m
Start test 59?[0m
?[1;31m
Start test 60?[0m
?[1;31m
Start test 61?[0m
?[1;31m
Start test 62?[0m
?[1;31m
Start test 63?[0m
?[1;31m
Start test 64?[0m
?[1;31m
Start test 65?[0m
?[1;31m
Start test 66?[0m
?[1;31m
Start test 67?[0m
?[1;31m
Start test 68?[0m
?[1;31m
Start test 69?[0m
?[1;31m
Start test 70?[0m
?[1;31m
Start test 71?[0m
?[1;31m
Start test 72?[0m
?[1;31m
Start test 73?[0m
?[1;31m
Start test 74?[0m
?[1;31m
Start test 75?[0m
?[1;31m
Start test 76?[0m
?[1;31m
Start test 77?[0m
?[1;31m
Start test 78?[0m
?[1;31m
Start test 79?[0m
?[1;31m
Start test 80?[0m
?[1;31m
Start test 81?[0m
?[1;31m
Start test 82?[0m
?[1;31m
Start test 83?[0m
?[1;31m
Start test 84?[0m
?[1;31m
Start test 85?[0m
?[1;31m
Start test 86?[0m
?[1;31m
Start test 87?[0m
?[1;31m
Start test 88?[0m
?[1;31m
Start test 89?[0m
?[1;31m
Start test 90?[0m
?[1;31m
Start test 91?[0m
?[1;31m
Start test 92?[0m
?[1;31m
Start test 93?[0m
?[1;31m
Start test 94?[0m
?[1;31m
Start test 95?[0m
?[1;31m
Start test 96?[0m
?[1;31m
Start test 97?[0m
?[1;31m
Start test 98?[0m
?[1;31m
Start test 99?[0m
?[1;31m
Start test 100?[0m
?[1;31m
Start test 101?[0m
?[1;31m
Start test 102?[0m
?[1;31m
Start test 103?[0m
2021-04-14 08:42:08.792  INFO 27404 --- [       Thread-9] j.LocalContainerEntityManagerFactoryBean : Closing JPA EntityManagerFactory for persistence unit 'default'
2021-04-14 08:42:08.793  INFO 27404 --- [       Thread-9] o.s.s.concurrent.ThreadPoolTaskExecutor  : Shutting down ExecutorService 'applicationTaskExecutor'
2021-04-14 08:42:08.794  INFO 27404 --- [       Thread-9] com.zaxxer.hikari.HikariDataSource       : HikariPool-2 - Shutdown initiated...

  .   ____          _            __ _ _
 /\\ / ___'_ __ _ _(_)_ __  __ _ \ \ \ \
( ( )\___ | '_ | '_| | '_ \/ _` | \ \ \ \
 \\/  ___)| |_)| | | | | || (_| |  ) ) ) )
  '  |____| .__|_| |_|_| |_\__, | / / / /
 =========|_|==============|___/=/_/_/_/
 :: Spring Boot ::        (v2.3.3.RELEASE)

2021-04-14 08:42:08.866  INFO 27404 --- [    Test worker] platform.CodeSharingPlatform             : Starting CodeSharingPlatform on Dima with PID 27404 (started by tisch in C:\Users\tisch\IdeaProjects\Code Sharing Platform\Code Sharing Platform\task)
2021-04-14 08:42:08.867  INFO 27404 --- [    Test worker] platform.CodeSharingPlatform             : No active profile set, falling back to default profiles: default
2021-04-14 08:42:09.391  INFO 27404 --- [    Test worker] .s.d.r.c.RepositoryConfigurationDelegate : Bootstrapping Spring Data JPA repositories in DEFERRED mode.
2021-04-14 08:42:09.404  INFO 27404 --- [    Test worker] .s.d.r.c.RepositoryConfigurationDelegate : Finished Spring Data repository scanning in 12ms. Found 1 JPA repository interfaces.
2021-04-14 08:42:09.540  INFO 27404 --- [    Test worker] o.s.b.w.embedded.tomcat.TomcatWebServer  : Tomcat initialized with port(s): 8889 (http)
2021-04-14 08:42:09.541  INFO 27404 --- [    Test worker] o.apache.catalina.core.StandardService   : Starting service [Tomcat]
2021-04-14 08:42:09.542  INFO 27404 --- [    Test worker] org.apache.catalina.core.StandardEngine  : Starting Servlet engine: [Apache Tomcat/9.0.37]
2021-04-14 08:42:09.610  INFO 27404 --- [    Test worker] o.a.c.c.C.[Tomcat].[localhost].[/]       : Initializing Spring embedded WebApplicationContext
2021-04-14 08:42:09.610  INFO 27404 --- [    Test worker] w.s.c.ServletWebServerApplicationContext : Root WebApplicationContext: initialization completed in 737 ms
2021-04-14 08:42:09.667  INFO 27404 --- [    Test worker] com.zaxxer.hikari.HikariDataSource       : HikariPool-3 - Starting...
2021-04-14 08:42:09.681  INFO 27404 --- [    Test worker] com.zaxxer.hikari.HikariDataSource       : HikariPool-3 - Start completed.
2021-04-14 08:42:09.681  INFO 27404 --- [    Test worker] o.s.b.a.h2.H2ConsoleAutoConfiguration    : H2 console available at '/h2-console'. Database available at 'jdbc:h2:file:../snippets'
2021-04-14 08:42:09.740  INFO 27404 --- [    Test worker] o.s.s.concurrent.ThreadPoolTaskExecutor  : Initializing ExecutorService 'applicationTaskExecutor'
2021-04-14 08:42:09.749  INFO 27404 --- [         task-1] o.hibernate.jpa.internal.util.LogHelper  : HHH000204: Processing PersistenceUnitInfo [name: default]
2021-04-14 08:42:09.768  INFO 27404 --- [         task-1] org.hibernate.dialect.Dialect            : HHH000400: Using dialect: org.hibernate.dialect.H2Dialect
2021-04-14 08:42:09.780  WARN 27404 --- [    Test worker] JpaBaseConfiguration$JpaWebConfiguration : spring.jpa.open-in-view is enabled by default. Therefore, database queries may be performed during view rendering. Explicitly configure spring.jpa.open-in-view to disable this warning
2021-04-14 08:42:09.850  INFO 27404 --- [         task-1] o.h.e.t.j.p.i.JtaPlatformInitiator       : HHH000490: Using JtaPlatform implementation: [org.hibernate.engine.transaction.jta.platform.internal.NoJtaPlatform]
2021-04-14 08:42:09.851  INFO 27404 --- [         task-1] j.LocalContainerEntityManagerFactoryBean : Initialized JPA EntityManagerFactory for persistence unit 'default'
2021-04-14 08:42:10.049  INFO 27404 --- [    Test worker] o.s.b.a.e.web.EndpointLinksResolver      : Exposing 14 endpoint(s) beneath base path '/actuator'
2021-04-14 08:42:10.080  INFO 27404 --- [    Test worker] o.s.b.w.embedded.tomcat.TomcatWebServer  : Tomcat started on port(s): 8889 (http) with context path ''
2021-04-14 08:42:10.081  INFO 27404 --- [    Test worker] DeferredRepositoryInitializationListener : Triggering deferred initialization of Spring Data repositories…
2021-04-14 08:42:10.148  INFO 27404 --- [    Test worker] DeferredRepositoryInitializationListener : Spring Data repositories initialized!
2021-04-14 08:42:10.159  INFO 27404 --- [    Test worker] platform.CodeSharingPlatform             : Started CodeSharingPlatform in 1.364 seconds (JVM running for 30.529)
?[1;31m
Start test 104?[0m
?[1;31m
Start test 105?[0m
2021-04-14 08:42:10.169  INFO 27404 --- [nio-8889-exec-1] o.a.c.c.C.[Tomcat].[localhost].[/]       : Initializing Spring DispatcherServlet 'dispatcherServlet'
2021-04-14 08:42:10.170  INFO 27404 --- [nio-8889-exec-1] o.s.web.servlet.DispatcherServlet        : Initializing Servlet 'dispatcherServlet'
2021-04-14 08:42:10.174  INFO 27404 --- [nio-8889-exec-1] o.s.web.servlet.DispatcherServlet        : Completed initialization in 4 ms
?[1;31m
Start test 106?[0m
?[1;31m
Start test 107?[0m
?[1;31m
Start test 108?[0m
?[1;31m
Start test 109?[0m
?[1;31m
Start test 110?[0m
?[1;31m
Start test 111?[0m
?[1;31m
Start test 112?[0m
?[1;31m
Start test 113?[0m
?[1;31m
Start test 114?[0m
?[1;31m
Start test 115?[0m
?[1;31m
Start test 116?[0m
?[1;31m
Start test 117?[0m
?[1;31m
Start test 118?[0m
?[1;31m
Start test 119?[0m
]]></system-out>
  <system-err><![CDATA[]]></system-err>
</testsuite>
